# JRE version: Java(TM) SE Runtime Environment (8.0_05-b13) (build 1.8.0_05-b13)
# Java VM: Java HotSpot(TM) 64-Bit Server VM (25.5-b02 mixed mode windows-amd64 compressed oops)
Heap:
 PSYoungGen      total 15872K, used 15837K [0x00000000eb300000, 0x00000000ed180000, 0x0000000100000000)
  eden space 8192K, 99% used [0x00000000eb300000,0x00000000ebaff790,0x00000000ebb00000)
  from space 7680K, 99% used [0x00000000ec500000,0x00000000ecc78020,0x00000000ecc80000)
  to   space 10240K, 0% used [0x00000000ebb00000,0x00000000ebb00000,0x00000000ec500000)
 ParOldGen       total 64000K, used 19096K [0x00000000c1800000, 0x00000000c5680000, 0x00000000eb300000)
  object space 64000K, 29% used [0x00000000c1800000,0x00000000c2aa6008,0x00000000c5680000)
 Metaspace       used 14232K, capacity 14370K, committed 14592K, reserved 1062912K
  class space    used 1642K, capacity 1701K, committed 1792K, reserved 1048576K
GC Heap History (10 events):
Event: 34.882 GC heap before
{Heap before GC invocations=12 (full 0):
 PSYoungGen      total 4608K, used 3884K [0x00000000eb300000, 0x00000000ebb00000, 0x0000000100000000)
  eden space 3072K, 100% used [0x00000000eb300000,0x00000000eb600000,0x00000000eb600000)
  from space 1536K, 52% used [0x00000000eb600000,0x00000000eb6cb0e0,0x00000000eb780000)
  to   space 1536K, 0% used [0x00000000eb980000,0x00000000eb980000,0x00000000ebb00000)
 ParOldGen       total 64000K, used 2537K [0x00000000c1800000, 0x00000000c5680000, 0x00000000eb300000)
  object space 64000K, 3% used [0x00000000c1800000,0x00000000c1a7a548,0x00000000c5680000)
 Metaspace       used 14173K, capacity 14306K, committed 14592K, reserved 1062912K
  class space    used 1642K, capacity 1701K, committed 1792K, reserved 1048576K
Event: 34.884 GC heap after
Heap after GC invocations=12 (full 0):
 PSYoungGen      total 6656K, used 368K [0x00000000eb300000, 0x00000000ebb00000, 0x0000000100000000)
  eden space 5120K, 0% used [0x00000000eb300000,0x00000000eb300000,0x00000000eb800000)
  from space 1536K, 23% used [0x00000000eb980000,0x00000000eb9dc050,0x00000000ebb00000)
  to   space 1536K, 0% used [0x00000000eb800000,0x00000000eb800000,0x00000000eb980000)
 ParOldGen       total 64000K, used 2939K [0x00000000c1800000, 0x00000000c5680000, 0x00000000eb300000)
  object space 64000K, 4% used [0x00000000c1800000,0x00000000c1adefd8,0x00000000c5680000)
 Metaspace       used 14173K, capacity 14306K, committed 14592K, reserved 1062912K
  class space    used 1642K, capacity 1701K, committed 1792K, reserved 1048576K
}
Event: 34.917 GC heap before
{Heap before GC invocations=13 (full 0):
 PSYoungGen      total 6656K, used 5483K [0x00000000eb300000, 0x00000000ebb00000, 0x0000000100000000)
  eden space 5120K, 99% used [0x00000000eb300000,0x00000000eb7fed50,0x00000000eb800000)
  from space 1536K, 23% used [0x00000000eb980000,0x00000000eb9dc050,0x00000000ebb00000)
  to   space 1536K, 0% used [0x00000000eb800000,0x00000000eb800000,0x00000000eb980000)
 ParOldGen       total 64000K, used 2939K [0x00000000c1800000, 0x00000000c5680000, 0x00000000eb300000)
  object space 64000K, 4% used [0x00000000c1800000,0x00000000c1adefd8,0x00000000c5680000)
 Metaspace       used 14178K, capacity 14306K, committed 14592K, reserved 1062912K
  class space    used 1642K, capacity 1701K, committed 1792K, reserved 1048576K
Event: 34.920 GC heap after
Heap after GC invocations=13 (full 0):
 PSYoungGen      total 6656K, used 1536K [0x00000000eb300000, 0x00000000ec100000, 0x0000000100000000)
  eden space 5120K, 0% used [0x00000000eb300000,0x00000000eb300000,0x00000000eb800000)
  from space 1536K, 100% used [0x00000000eb800000,0x00000000eb980000,0x00000000eb980000)
  to   space 3072K, 0% used [0x00000000ebe00000,0x00000000ebe00000,0x00000000ec100000)
 ParOldGen       total 64000K, used 6111K [0x00000000c1800000, 0x00000000c5680000, 0x00000000eb300000)
  object space 64000K, 9% used [0x00000000c1800000,0x00000000c1df7f78,0x00000000c5680000)
 Metaspace       used 14178K, capacity 14306K, committed 14592K, reserved 1062912K
  class space    used 1642K, capacity 1701K, committed 1792K, reserved 1048576K
}
Event: 34.954 GC heap before
{Heap before GC invocations=14 (full 0):
 PSYoungGen      total 6656K, used 6653K [0x00000000eb300000, 0x00000000ec100000, 0x0000000100000000)
  eden space 5120K, 99% used [0x00000000eb300000,0x00000000eb7ff400,0x00000000eb800000)
  from space 1536K, 100% used [0x00000000eb800000,0x00000000eb980000,0x00000000eb980000)
  to   space 3072K, 0% used [0x00000000ebe00000,0x00000000ebe00000,0x00000000ec100000)
 ParOldGen       total 64000K, used 6111K [0x00000000c1800000, 0x00000000c5680000, 0x00000000eb300000)
  object space 64000K, 9% used [0x00000000c1800000,0x00000000c1df7f78,0x00000000c5680000)
 Metaspace       used 14185K, capacity 14306K, committed 14592K, reserved 1062912K
  class space    used 1642K, capacity 1701K, committed 1792K, reserved 1048576K
Event: 34.969 GC heap after
Heap after GC invocations=14 (full 0):
 PSYoungGen      total 9728K, used 3040K [0x00000000eb300000, 0x00000000ec400000, 0x0000000100000000)
  eden space 6656K, 0% used [0x00000000eb300000,0x00000000eb300000,0x00000000eb980000)
  from space 3072K, 98% used [0x00000000ebe00000,0x00000000ec0f8020,0x00000000ec100000)
  to   space 4608K, 0% used [0x00000000eb980000,0x00000000eb980000,0x00000000ebe00000)
 ParOldGen       total 64000K, used 9796K [0x00000000c1800000, 0x00000000c5680000, 0x00000000eb300000)
  object space 64000K, 15% used [0x00000000c1800000,0x00000000c21911f8,0x00000000c5680000)
 Metaspace       used 14185K, capacity 14306K, committed 14592K, reserved 1062912K
  class space    used 1642K, capacity 1701K, committed 1792K, reserved 1048576K
}
Event: 35.009 GC heap before
{Heap before GC invocations=15 (full 0):
 PSYoungGen      total 9728K, used 9696K [0x00000000eb300000, 0x00000000ec400000, 0x0000000100000000)
  eden space 6656K, 100% used [0x00000000eb300000,0x00000000eb980000,0x00000000eb980000)
  from space 3072K, 98% used [0x00000000ebe00000,0x00000000ec0f8020,0x00000000ec100000)
  to   space 4608K, 0% used [0x00000000eb980000,0x00000000eb980000,0x00000000ebe00000)
 ParOldGen       total 64000K, used 9796K [0x00000000c1800000, 0x00000000c5680000, 0x00000000eb300000)
  object space 64000K, 15% used [0x00000000c1800000,0x00000000c21911f8,0x00000000c5680000)
 Metaspace       used 14205K, capacity 14370K, committed 14592K, reserved 1062912K
  class space    used 1642K, capacity 1701K, committed 1792K, reserved 1048576K
Event: 35.032 GC heap after
Heap after GC invocations=15 (full 0):
 PSYoungGen      total 11264K, used 4608K [0x00000000eb300000, 0x00000000ecc80000, 0x0000000100000000)
  eden space 6656K, 0% used [0x00000000eb300000,0x00000000eb300000,0x00000000eb980000)
  from space 4608K, 100% used [0x00000000eb980000,0x00000000ebe00000,0x00000000ebe00000)
  to   space 7680K, 0% used [0x00000000ec500000,0x00000000ec500000,0x00000000ecc80000)
 ParOldGen       total 64000K, used 15083K [0x00000000c1800000, 0x00000000c5680000, 0x00000000eb300000)
  object space 64000K, 23% used [0x00000000c1800000,0x00000000c26bac78,0x00000000c5680000)
 Metaspace       used 14205K, capacity 14370K, committed 14592K, reserved 1062912K
  class space    used 1642K, capacity 1701K, committed 1792K, reserved 1048576K
}
Event: 35.091 GC heap before
{Heap before GC invocations=16 (full 0):
 PSYoungGen      total 11264K, used 11262K [0x00000000eb300000, 0x00000000ecc80000, 0x0000000100000000)
  eden space 6656K, 99% used [0x00000000eb300000,0x00000000eb97f990,0x00000000eb980000)
  from space 4608K, 100% used [0x00000000eb980000,0x00000000ebe00000,0x00000000ebe00000)
  to   space 7680K, 0% used [0x00000000ec500000,0x00000000ec500000,0x00000000ecc80000)
 ParOldGen       total 64000K, used 15083K [0x00000000c1800000, 0x00000000c5680000, 0x00000000eb300000)
  object space 64000K, 23% used [0x00000000c1800000,0x00000000c26bac78,0x00000000c5680000)
 Metaspace       used 14228K, capacity 14370K, committed 14592K, reserved 1062912K
  class space    used 1642K, capacity 1701K, committed 1792K, reserved 1048576K
Event: 35.097 GC heap after
Heap after GC invocations=16 (full 0):
 PSYoungGen      total 15872K, used 7648K [0x00000000eb300000, 0x00000000ed180000, 0x0000000100000000)
  eden space 8192K, 0% used [0x00000000eb300000,0x00000000eb300000,0x00000000ebb00000)
  from space 7680K, 99% used [0x00000000ec500000,0x00000000ecc78020,0x00000000ecc80000)
  to   space 10240K, 0% used [0x00000000ebb00000,0x00000000ebb00000,0x00000000ec500000)
 ParOldGen       total 64000K, used 19096K [0x00000000c1800000, 0x00000000c5680000, 0x00000000eb300000)
  object space 64000K, 29% used [0x00000000c1800000,0x00000000c2aa6008,0x00000000c5680000)
 Metaspace       used 14228K, capacity 14370K, committed 14592K, reserved 1062912K
  class space    used 1642K, capacity 1701K, committed 1792K, reserved 1048576K
}

